[debug] [2024-11-13T09:34:29.492Z] ----------------------------------------------------------------------
[debug] [2024-11-13T09:34:29.494Z] Command:       /nix/store/aspnwxp3q1wvg8jd1zg0295zmhr3lkb3-nodejs-18.19.1/bin/node /nix/store/4y5y11gp7fmn3rr6wm7skwjrbqfy4bbw-firebase-tools-13.23.0/lib/node_modules/firebase-tools/lib/bin/firebase.js init hosting
[debug] [2024-11-13T09:34:29.495Z] CLI Version:   13.23.0
[debug] [2024-11-13T09:34:29.495Z] Platform:      linux
[debug] [2024-11-13T09:34:29.495Z] Node Version:  v18.19.1
[debug] [2024-11-13T09:34:29.496Z] Time:          Wed Nov 13 2024 09:34:29 GMT+0000 (Coordinated Universal Time)
[debug] [2024-11-13T09:34:29.496Z] ----------------------------------------------------------------------
[debug] 
[debug] [2024-11-13T09:34:29.503Z] > command requires scopes: ["email","openid","https://www.googleapis.com/auth/cloudplatformprojects.readonly","https://www.googleapis.com/auth/firebase","https://www.googleapis.com/auth/cloud-platform"]
[debug] [2024-11-13T09:34:29.504Z] > authorizing via signed-in user (otaniaoh@gmail.com)
[info] 
     ######## #### ########  ######## ########     ###     ######  ########
     ##        ##  ##     ## ##       ##     ##  ##   ##  ##       ##
     ######    ##  ########  ######   ########  #########  ######  ######
     ##        ##  ##    ##  ##       ##     ## ##     ##       ## ##
     ##       #### ##     ## ######## ########  ##     ##  ######  ########

You're about to initialize a Firebase project in this directory:

  /home/user/sanafemme

[info] 
=== Project Setup
[info] 
[info] First, let's associate this project directory with a Firebase project.
[info] You can create multiple project aliases by running firebase use --add, 
[info] but for now we'll just set up a default project.
[info] 
[debug] [2024-11-13T09:34:54.284Z] No OAuth tokens found
[debug] [2024-11-13T09:34:54.285Z] No OAuth tokens found
[debug] [2024-11-13T09:34:54.285Z] > command requires scopes: ["email","openid","https://www.googleapis.com/auth/cloudplatformprojects.readonly","https://www.googleapis.com/auth/firebase","https://www.googleapis.com/auth/cloud-platform"]
[debug] [2024-11-13T09:34:54.285Z] > authorizing via signed-in user (otaniaoh@gmail.com)
[debug] [2024-11-13T09:34:54.299Z] >>> [apiv2][query] GET https://firebase.googleapis.com/v1beta1/projects pageSize=100
[debug] [2024-11-13T09:34:54.515Z] <<< [apiv2][status] GET https://firebase.googleapis.com/v1beta1/projects 401
[debug] [2024-11-13T09:34:54.515Z] <<< [apiv2][body] GET https://firebase.googleapis.com/v1beta1/projects [omitted]
[debug] [2024-11-13T09:34:54.515Z] Got a 401 Unauthenticated error for a call that required authentication. Refreshing tokens.
[debug] [2024-11-13T09:34:54.516Z] No OAuth tokens found
[debug] [2024-11-13T09:34:54.516Z] No OAuth tokens found
[debug] [2024-11-13T09:34:54.516Z] > command requires scopes: ["email","openid","https://www.googleapis.com/auth/cloudplatformprojects.readonly","https://www.googleapis.com/auth/firebase","https://www.googleapis.com/auth/cloud-platform"]
[debug] [2024-11-13T09:34:54.517Z] > authorizing via signed-in user (otaniaoh@gmail.com)
[debug] [2024-11-13T09:34:54.517Z] Request to https://firebase.googleapis.com/v1beta1/projects?pageSize=100 had HTTP Error: 401, Request had invalid authentication credentials. Expected OAuth 2 access token, login cookie or other valid authentication credential. See https://developers.google.com/identity/sign-in/web/devconsole-project.
[debug] [2024-11-13T09:34:54.519Z] FirebaseError: Request to https://firebase.googleapis.com/v1beta1/projects?pageSize=100 had HTTP Error: 401, Request had invalid authentication credentials. Expected OAuth 2 access token, login cookie or other valid authentication credential. See https://developers.google.com/identity/sign-in/web/devconsole-project.
    at responseToError (/nix/store/4y5y11gp7fmn3rr6wm7skwjrbqfy4bbw-firebase-tools-13.23.0/lib/node_modules/firebase-tools/lib/responseToError.js:52:12)
    at RetryOperation._fn (/nix/store/4y5y11gp7fmn3rr6wm7skwjrbqfy4bbw-firebase-tools-13.23.0/lib/node_modules/firebase-tools/lib/apiv2.js:312:77)
    at process.processTicksAndRejections (node:internal/process/task_queues:95:5)
[error] 
[error] Error: Failed to list Firebase projects. See firebase-debug.log for more info.
[debug] [2024-11-13T09:39:16.415Z] ----------------------------------------------------------------------
[debug] [2024-11-13T09:39:16.418Z] Command:       /nix/store/aspnwxp3q1wvg8jd1zg0295zmhr3lkb3-nodejs-18.19.1/bin/node /nix/store/4y5y11gp7fmn3rr6wm7skwjrbqfy4bbw-firebase-tools-13.23.0/lib/node_modules/firebase-tools/lib/bin/firebase.js init hosting
[debug] [2024-11-13T09:39:16.418Z] CLI Version:   13.23.0
[debug] [2024-11-13T09:39:16.419Z] Platform:      linux
[debug] [2024-11-13T09:39:16.419Z] Node Version:  v18.19.1
[debug] [2024-11-13T09:39:16.419Z] Time:          Wed Nov 13 2024 09:39:16 GMT+0000 (Coordinated Universal Time)
[debug] [2024-11-13T09:39:16.419Z] ----------------------------------------------------------------------
[debug] 
[debug] [2024-11-13T09:39:16.426Z] > command requires scopes: ["email","openid","https://www.googleapis.com/auth/cloudplatformprojects.readonly","https://www.googleapis.com/auth/firebase","https://www.googleapis.com/auth/cloud-platform"]
[debug] [2024-11-13T09:39:16.427Z] > authorizing via signed-in user (otaniaoh@gmail.com)
[info] 
     ######## #### ########  ######## ########     ###     ######  ########
     ##        ##  ##     ## ##       ##     ##  ##   ##  ##       ##
     ######    ##  ########  ######   ########  #########  ######  ######
     ##        ##  ##    ##  ##       ##     ## ##     ##       ## ##
     ##       #### ##     ## ######## ########  ##     ##  ######  ########

You're about to initialize a Firebase project in this directory:

  /home/user/sanafemme

[info] 
=== Project Setup
[info] 
[info] First, let's associate this project directory with a Firebase project.
[info] You can create multiple project aliases by running firebase use --add, 
[info] but for now we'll just set up a default project.
[info] 
